Traceback (most recent call last):
  File "/media/colin/Shared/colin/git/materials-ml-workshop/env2/lib/python3.10/site-packages/jupyter_core/utils/__init__.py", line 154, in wrapped
    asyncio.get_running_loop()
RuntimeError: no running event loop

During handling of the above exception, another exception occurred:

Traceback (most recent call last):
  File "/media/colin/Shared/colin/git/materials-ml-workshop/env2/lib/python3.10/site-packages/jupyter_cache/executors/utils.py", line 58, in single_nb_execution
    executenb(
  File "/media/colin/Shared/colin/git/materials-ml-workshop/env2/lib/python3.10/site-packages/nbclient/client.py", line 1319, in execute
    return NotebookClient(nb=nb, resources=resources, km=km, **kwargs).execute()
  File "/media/colin/Shared/colin/git/materials-ml-workshop/env2/lib/python3.10/site-packages/jupyter_core/utils/__init__.py", line 158, in wrapped
    return loop.run_until_complete(inner)
  File "/usr/lib/python3.10/asyncio/base_events.py", line 649, in run_until_complete
    return future.result()
  File "/media/colin/Shared/colin/git/materials-ml-workshop/env2/lib/python3.10/site-packages/nbclient/client.py", line 709, in async_execute
    await self.async_execute_cell(
  File "/media/colin/Shared/colin/git/materials-ml-workshop/env2/lib/python3.10/site-packages/nbclient/client.py", line 1062, in async_execute_cell
    await self._check_raise_for_error(cell, cell_index, exec_reply)
  File "/media/colin/Shared/colin/git/materials-ml-workshop/env2/lib/python3.10/site-packages/nbclient/client.py", line 918, in _check_raise_for_error
    raise CellExecutionError.from_cell_and_msg(cell, exec_reply_content)
nbclient.exceptions.CellExecutionError: An error occurred while executing the following cell:
------------------
# Define the chemical elements for transition metals and chalcogens
transition_metals = ["Sc", "Ti", "V", "Cr", "Mn", "Fe", "Co", "Ni", "Cu", "Zn", "Y", "Zr", "Nb", "Mo",
                     "Tc", "Ru", "Rh", "Pd", "Ag", "Cd", "Hf", "Ta", "W", "Re", "Os", "Ir", "Pt", "Au",
                     "Hg", "Rf", "Db", "Sg", "Bh", "Hs", "Mt", "Ds", "Rg", "Cn", "Nh", "Fl", "Mc", "Lv",
                     "Ts", "Og"]

chalcogens = ["S", "Se", "Te"]


with MPRester(MP_API_KEY) as mpr:
      M = 'W' # transition_metals[0]
      X = 'Se' # chalcogens[0]

      docs = mpr.summary.search(chemsys=f"{M}-{X}",
                                nelements = 2,
                                crystal_system = 'Hexagonal', # symbol = 'P6_3/mmc',
                                fields=["material_id", "band_gap", "symmetry",
                                        "formula_pretty"]
                                )

ndocs = len(docs)

print(f"Found {ndocs} materials.")

for doc in docs:
    print("{0} ({1}), symmetry: {2}".format( doc.material_id,
                                             doc.formula_pretty,
                                             doc.symmetry))
------------------

----- stderr -----
/tmp/ipykernel_8577/2839224660.py:14: DeprecationWarning: Accessing summary data through MPRester.summary is deprecated. Please use MPRester.materials.summary instead.
  docs = mpr.summary.search(chemsys=f"{M}-{X}",
------------------

[0;31m---------------------------------------------------------------------------[0m
[0;31mTypeError[0m                                 Traceback (most recent call last)
Cell [0;32mIn[15], line 14[0m
[1;32m     11[0m       M [38;5;241m=[39m [38;5;124m'[39m[38;5;124mW[39m[38;5;124m'[39m [38;5;66;03m# transition_metals[0][39;00m
[1;32m     12[0m       X [38;5;241m=[39m [38;5;124m'[39m[38;5;124mSe[39m[38;5;124m'[39m [38;5;66;03m# chalcogens[0][39;00m
[0;32m---> 14[0m       docs [38;5;241m=[39m [43mmpr[49m[38;5;241;43m.[39;49m[43msummary[49m[38;5;241;43m.[39;49m[43msearch[49m[43m([49m[43mchemsys[49m[38;5;241;43m=[39;49m[38;5;124;43mf[39;49m[38;5;124;43m"[39;49m[38;5;132;43;01m{[39;49;00m[43mM[49m[38;5;132;43;01m}[39;49;00m[38;5;124;43m-[39;49m[38;5;132;43;01m{[39;49;00m[43mX[49m[38;5;132;43;01m}[39;49;00m[38;5;124;43m"[39;49m[43m,[49m
[1;32m     15[0m [43m                                [49m[43mnelements[49m[43m [49m[38;5;241;43m=[39;49m[43m [49m[38;5;241;43m2[39;49m[43m,[49m
[1;32m     16[0m [43m                                [49m[43mcrystal_system[49m[43m [49m[38;5;241;43m=[39;49m[43m [49m[38;5;124;43m'[39;49m[38;5;124;43mHexagonal[39;49m[38;5;124;43m'[39;49m[43m,[49m[43m [49m[38;5;66;43;03m# symbol = 'P6_3/mmc',[39;49;00m
[1;32m     17[0m [43m                                [49m[43mfields[49m[38;5;241;43m=[39;49m[43m[[49m[38;5;124;43m"[39;49m[38;5;124;43mmaterial_id[39;49m[38;5;124;43m"[39;49m[43m,[49m[43m [49m[38;5;124;43m"[39;49m[38;5;124;43mband_gap[39;49m[38;5;124;43m"[39;49m[43m,[49m[43m [49m[38;5;124;43m"[39;49m[38;5;124;43msymmetry[39;49m[38;5;124;43m"[39;49m[43m,[49m
[1;32m     18[0m [43m                                        [49m[38;5;124;43m"[39;49m[38;5;124;43mformula_pretty[39;49m[38;5;124;43m"[39;49m[43m][49m
[1;32m     19[0m [43m                                [49m[43m)[49m
[1;32m     21[0m ndocs [38;5;241m=[39m [38;5;28mlen[39m(docs)
[1;32m     23[0m [38;5;28mprint[39m([38;5;124mf[39m[38;5;124m"[39m[38;5;124mFound [39m[38;5;132;01m{[39;00mndocs[38;5;132;01m}[39;00m[38;5;124m materials.[39m[38;5;124m"[39m)

[0;31mTypeError[0m: SummaryRester.search() got an unexpected keyword argument 'nelements'

